[15Jun2022 08:44:14.548] [main/INFO] [cpw.mods.modlauncher.Launcher/MODLAUNCHER]: ModLauncher running: args [--username, Falkaga, --version, forge-40.1.51, --gameDir, C:\Users\mathe\Twitch\Minecraft\Instances\1.18.2 (1), --assetsDir, C:\Users\mathe\Twitch\Minecraft\Install\assets, --assetIndex, 1.18, --uuid, 65e094c9baef42779108d47c875f90bc, --accessToken, ????????, --clientId, YmJhZTVmZGMtNTk1Ni00ZTRkLWFiYTYtNmY3Mjg5YjEwYzY3, --xuid, 2535472811187829, --userType, msa, --versionType, release, --width, 1024, --height, 768, --launchTarget, forgeclient, --fml.forgeVersion, 40.1.51, --fml.mcVersion, 1.18.2, --fml.forgeGroup, net.minecraftforge, --fml.mcpVersion, 20220404.173914]
[15Jun2022 08:44:14.556] [main/INFO] [cpw.mods.modlauncher.Launcher/MODLAUNCHER]: ModLauncher 9.1.3+9.1.3+main.9b69c82a starting: java version 17.0.1 by Microsoft
[15Jun2022 08:44:14.953] [main/INFO] [optifine.OptiFineTransformationService/]: OptiFineTransformationService.onLoad
[15Jun2022 08:44:14.955] [main/INFO] [optifine.OptiFineTransformationService/]: OptiFine ZIP file URL: union:/C:/Users/mathe/Twitch/Minecraft/Instances/1.18.2%20(1)/mods/OptiFine_1.18.2_HD_U_H7_MOD.jar%2352!/
[15Jun2022 08:44:14.967] [main/INFO] [optifine.OptiFineTransformationService/]: OptiFine ZIP file: C:\Users\mathe\Twitch\Minecraft\Instances\1.18.2 (1)\mods\OptiFine_1.18.2_HD_U_H7_MOD.jar
[15Jun2022 08:44:14.971] [main/INFO] [optifine.OptiFineTransformer/]: Target.PRE_CLASS is available
[15Jun2022 08:44:15.076] [main/INFO] [mixin/]: SpongePowered MIXIN Subsystem Version=0.8.5 Source=union:/C:/Users/mathe/Twitch/Minecraft/Install/libraries/org/spongepowered/mixin/0.8.5/mixin-0.8.5.jar%2314!/ Service=ModLauncher Env=CLIENT
[15Jun2022 08:44:15.092] [main/INFO] [optifine.OptiFineTransformationService/]: OptiFineTransformationService.initialize
[15Jun2022 08:44:19.270] [main/INFO] [optifine.OptiFineTransformationService/]: OptiFineTransformationService.transformers
[15Jun2022 08:44:19.280] [main/INFO] [optifine.OptiFineTransformer/]: Targets: 350
[15Jun2022 08:44:20.714] [main/INFO] [optifine.OptiFineTransformationService/]: additionalClassesLocator: [optifine., net.optifine.]
[15Jun2022 08:44:26.263] [main/INFO] [mixin/]: Compatibility level set to JAVA_17
[15Jun2022 08:44:26.915] [main/ERROR] [mixin/]: Mixin config minetogether.mixins.json does not specify "minVersion" property
[15Jun2022 08:44:27.064] [main/ERROR] [mixin/]: Mixin config polylib.mixins.json does not specify "minVersion" property
[15Jun2022 08:44:27.559] [main/INFO] [mixin/]: Successfully loaded Mixin Connector [shetiphian.endertanks.mixins.MixinConnector]
[15Jun2022 08:44:27.561] [main/INFO] [mixin/]: Successfully loaded Mixin Connector [com.leobeliik.extremesoundmuffler.MixinConnector]
[15Jun2022 08:44:27.562] [main/INFO] [mixin/]: Successfully loaded Mixin Connector [shetiphian.core.mixins.MixinConnector]
[15Jun2022 08:44:27.586] [main/INFO] [cpw.mods.modlauncher.LaunchServiceHandler/MODLAUNCHER]: Launching target 'forgeclient' with arguments [--version, forge-40.1.51, --gameDir, C:\Users\mathe\Twitch\Minecraft\Instances\1.18.2 (1), --assetsDir, C:\Users\mathe\Twitch\Minecraft\Install\assets, --uuid, 65e094c9baef42779108d47c875f90bc, --username, Falkaga, --assetIndex, 1.18, --accessToken, ????????, --clientId, YmJhZTVmZGMtNTk1Ni00ZTRkLWFiYTYtNmY3Mjg5YjEwYzY3, --xuid, 2535472811187829, --userType, msa, --versionType, release, --width, 1024, --height, 768]
[15Jun2022 08:44:27.853] [main/WARN] [mixin/]: Reference map 'compactmachines.refmap.json' for compactmachines.mixin.json could not be read. If this is a development environment you can ignore this message
[15Jun2022 08:44:28.401] [main/WARN] [mixin/]: Reference map 'multiblocked.refmap.json' for multiblocked.mixins.json could not be read. If this is a development environment you can ignore this message
[15Jun2022 08:44:28.424] [main/WARN] [mixin/]: Reference map 'nethersdelight.refmap.json' for nethersdelight.mixins.json could not be read. If this is a development environment you can ignore this message
[15Jun2022 08:44:28.489] [main/WARN] [mixin/]: Reference map 'polylib-common-refmap.json' for polylib.mixins.json could not be read. If this is a development environment you can ignore this message
[15Jun2022 08:44:28.833] [main/WARN] [mixin/]: Reference map 'yungsbridges.refmap.json' for yungsbridges.mixins.json could not be read. If this is a development environment you can ignore this message
[15Jun2022 08:44:28.843] [main/WARN] [mixin/]: Reference map 'yungsbridges.refmap.json' for yungsbridges_forge.mixins.json could not be read. If this is a development environment you can ignore this message
[15Jun2022 08:44:29.673] [main/WARN] [mixin/]: Error loading class: me/jellysquid/mods/sodium/client/world/biome/BlockColorCache (java.lang.ClassNotFoundException: me.jellysquid.mods.sodium.client.world.biome.BlockColorCache)
[15Jun2022 08:44:29.674] [main/WARN] [mixin/]: @Mixin target me.jellysquid.mods.sodium.client.world.biome.BlockColorCache was not found betterbiomeblend.mixins.json:MixinBlockColorCache
[15Jun2022 08:44:30.846] [main/WARN] [mixin/]: Error loading class: me/jellysquid/mods/sodium/client/render/occlusion/BlockOcclusionCache (java.lang.ClassNotFoundException: me.jellysquid.mods.sodium.client.render.occlusion.BlockOcclusionCache)
[15Jun2022 08:44:30.846] [main/WARN] [mixin/]: @Mixin target me.jellysquid.mods.sodium.client.render.occlusion.BlockOcclusionCache was not found multiblocked.mixins.json:rubidium.BlockOcclusionCacheMixin
[15Jun2022 08:44:30.846] [main/WARN] [mixin/]: Error loading class: me/jellysquid/mods/sodium/client/render/chunk/tasks/ChunkRenderRebuildTask (java.lang.ClassNotFoundException: me.jellysquid.mods.sodium.client.render.chunk.tasks.ChunkRenderRebuildTask)
[15Jun2022 08:44:30.847] [main/WARN] [mixin/]: @Mixin target me.jellysquid.mods.sodium.client.render.chunk.tasks.ChunkRenderRebuildTask was not found multiblocked.mixins.json:rubidium.ChunkRenderRebuildTaskMixin
[15Jun2022 08:44:31.280] [main/WARN] [mixin/]: Error loading class: de/maxhenkel/gravestone/events/DeathEvents (java.lang.ClassNotFoundException: de.maxhenkel.gravestone.events.DeathEvents)
[15Jun2022 08:44:31.281] [main/WARN] [mixin/]: Error loading class: de/maxhenkel/corpse/events/DeathEvents (java.lang.ClassNotFoundException: de.maxhenkel.corpse.events.DeathEvents)
[15Jun2022 08:44:31.979] [main/INFO] [com.unrealdinnerbone.delogger.LoggerHacks/]: !!! SOME LOGGERS HAVE MOVED TO THE DEBUG FILE (Please Include them in your bug reports) !!!
[15Jun2022 08:44:34.711] [main/FATAL] [mixin/]: Mixin apply failed multiblocked.mixins.json:WorldMixin -> net.minecraft.world.level.Level: org.spongepowered.asm.mixin.transformer.throwables.InvalidMixinException @Shadow method isLoaded in multiblocked.mixins.json:WorldMixin was not located in the target class net.minecraft.world.level.Level. No refMap loaded.
org.spongepowered.asm.mixin.transformer.throwables.InvalidMixinException: @Shadow method isLoaded in multiblocked.mixins.json:WorldMixin was not located in the target class net.minecraft.world.level.Level. No refMap loaded.
	at org.spongepowered.asm.mixin.transformer.MixinPreProcessorStandard.attachSpecialMethod(MixinPreProcessorStandard.java:442) ~[mixin-0.8.5.jar:0.8.5+Jenkins-b310.git-155314e6e91465dad727e621a569906a410cd6f4]
	at org.spongepowered.asm.mixin.transformer.MixinPreProcessorStandard.attachShadowMethod(MixinPreProcessorStandard.java:415) ~[mixin-0.8.5.jar:0.8.5+Jenkins-b310.git-155314e6e91465dad727e621a569906a410cd6f4]
	at org.spongepowered.asm.mixin.transformer.MixinPreProcessorStandard.attachMethods(MixinPreProcessorStandard.java:343) ~[mixin-0.8.5.jar:0.8.5+Jenkins-b310.git-155314e6e91465dad727e621a569906a410cd6f4]
	at org.spongepowered.asm.mixin.transformer.MixinPreProcessorStandard.attach(MixinPreProcessorStandard.java:302) ~[mixin-0.8.5.jar:0.8.5+Jenkins-b310.git-155314e6e91465dad727e621a569906a410cd6f4]
	at org.spongepowered.asm.mixin.transformer.MixinPreProcessorStandard.createContextFor(MixinPreProcessorStandard.java:280) ~[mixin-0.8.5.jar:0.8.5+Jenkins-b310.git-155314e6e91465dad727e621a569906a410cd6f4]
	at org.spongepowered.asm.mixin.transformer.MixinInfo.createContextFor(MixinInfo.java:1288) ~[mixin-0.8.5.jar:0.8.5+Jenkins-b310.git-155314e6e91465dad727e621a569906a410cd6f4]
	at org.spongepowered.asm.mixin.transformer.MixinApplicatorStandard.apply(MixinApplicatorStandard.java:292) ~[mixin-0.8.5.jar:0.8.5+Jenkins-b310.git-155314e6e91465dad727e621a569906a410cd6f4]
	at org.spongepowered.asm.mixin.transformer.TargetClassContext.apply(TargetClassContext.java:383) ~[mixin-0.8.5.jar:0.8.5+Jenkins-b310.git-155314e6e91465dad727e621a569906a410cd6f4]
	at org.spongepowered.asm.mixin.transformer.TargetClassContext.applyMixins(TargetClassContext.java:365) ~[mixin-0.8.5.jar:0.8.5+Jenkins-b310.git-155314e6e91465dad727e621a569906a410cd6f4]
	at org.spongepowered.asm.mixin.transformer.MixinProcessor.applyMixins(MixinProcessor.java:363) ~[mixin-0.8.5.jar:0.8.5+Jenkins-b310.git-155314e6e91465dad727e621a569906a410cd6f4]
	at org.spongepowered.asm.mixin.transformer.MixinTransformer.transformClass(MixinTransformer.java:250) ~[mixin-0.8.5.jar:0.8.5+Jenkins-b310.git-155314e6e91465dad727e621a569906a410cd6f4]
	at org.spongepowered.asm.service.modlauncher.MixinTransformationHandler.processClass(MixinTransformationHandler.java:131) ~[mixin-0.8.5.jar:0.8.5+Jenkins-b310.git-155314e6e91465dad727e621a569906a410cd6f4]
	at org.spongepowered.asm.launch.MixinLaunchPluginLegacy.processClass(MixinLaunchPluginLegacy.java:131) ~[mixin-0.8.5.jar:0.8.5+Jenkins-b310.git-155314e6e91465dad727e621a569906a410cd6f4]
	at cpw.mods.modlauncher.serviceapi.ILaunchPluginService.processClassWithFlags(ILaunchPluginService.java:156) ~[modlauncher-9.1.3.jar:9.1.3+9.1.3+main.9b69c82a]
	at cpw.mods.modlauncher.LaunchPluginHandler.offerClassNodeToPlugins(LaunchPluginHandler.java:88) ~[modlauncher-9.1.3.jar:?]
	at cpw.mods.modlauncher.ClassTransformer.transform(ClassTransformer.java:120) ~[modlauncher-9.1.3.jar:?]
	at cpw.mods.modlauncher.TransformingClassLoader.maybeTransformClassBytes(TransformingClassLoader.java:50) ~[modlauncher-9.1.3.jar:?]
	at cpw.mods.cl.ModuleClassLoader.readerToClass(ModuleClassLoader.java:110) ~[securejarhandler-1.0.3.jar:?]
	at cpw.mods.cl.ModuleClassLoader.lambda$findClass$16(ModuleClassLoader.java:216) ~[securejarhandler-1.0.3.jar:?]
	at cpw.mods.cl.ModuleClassLoader.loadFromModule(ModuleClassLoader.java:226) ~[securejarhandler-1.0.3.jar:?]
	at cpw.mods.cl.ModuleClassLoader.findClass(ModuleClassLoader.java:216) ~[securejarhandler-1.0.3.jar:?]
	at cpw.mods.cl.ModuleClassLoader.loadClass(ModuleClassLoader.java:132) ~[securejarhandler-1.0.3.jar:?]
	at java.lang.ClassLoader.loadClass(ClassLoader.java:520) ~[?:?]
	at vazkii.patchouli.client.handler.BookCrashHandler.appendToCrashReport(BookCrashHandler.java:23) ~[Patchouli-1.18.2-70.jar%23197!/:1.18.2-70]
	at net.minecraft.SystemReport.handler$zml000$patchouli_addContext(SystemReport.java:516) ~[client-1.18.2-20220404.173914-srg.jar%23256!/:?]
	at net.minecraft.SystemReport.<init>(SystemReport.java:57) ~[client-1.18.2-20220404.173914-srg.jar%23256!/:?]
	at net.minecraft.CrashReport.<init>(CrashReport.java:32) ~[client-1.18.2-20220404.173914-srg.jar%23256!/:?]
	at net.minecraft.CrashReport.m_127529_(CrashReport.java:343) ~[client-1.18.2-20220404.173914-srg.jar%23256!/:?]
	at net.minecraft.client.main.Main.main(Main.java:137) ~[client-1.18.2-20220404.173914-srg.jar%23256!/:?]
	at jdk.internal.reflect.NativeMethodAccessorImpl.invoke0(Native Method) ~[?:?]
	at jdk.internal.reflect.NativeMethodAccessorImpl.invoke(NativeMethodAccessorImpl.java:77) ~[?:?]
	at jdk.internal.reflect.DelegatingMethodAccessorImpl.invoke(DelegatingMethodAccessorImpl.java:43) ~[?:?]
	at java.lang.reflect.Method.invoke(Method.java:568) ~[?:?]
	at net.minecraftforge.fml.loading.targets.CommonClientLaunchHandler.lambda$launchService$0(CommonClientLaunchHandler.java:31) ~[fmlloader-1.18.2-40.1.51.jar%2316!/:?]
	at cpw.mods.modlauncher.LaunchServiceHandlerDecorator.launch(LaunchServiceHandlerDecorator.java:37) [modlauncher-9.1.3.jar%235!/:?]
	at cpw.mods.modlauncher.LaunchServiceHandler.launch(LaunchServiceHandler.java:53) [modlauncher-9.1.3.jar%235!/:?]
	at cpw.mods.modlauncher.LaunchServiceHandler.launch(LaunchServiceHandler.java:71) [modlauncher-9.1.3.jar%235!/:?]
	at cpw.mods.modlauncher.Launcher.run(Launcher.java:106) [modlauncher-9.1.3.jar%235!/:?]
	at cpw.mods.modlauncher.Launcher.main(Launcher.java:77) [modlauncher-9.1.3.jar%235!/:?]
	at cpw.mods.modlauncher.BootstrapLaunchConsumer.accept(BootstrapLaunchConsumer.java:26) [modlauncher-9.1.3.jar%235!/:?]
	at cpw.mods.modlauncher.BootstrapLaunchConsumer.accept(BootstrapLaunchConsumer.java:23) [modlauncher-9.1.3.jar%235!/:?]
	at cpw.mods.bootstraplauncher.BootstrapLauncher.main(BootstrapLauncher.java:149) [bootstraplauncher-1.0.0.jar:?]
